"../../../Engine/Content/Functions/Engine_MaterialFunctions01/Opacity/CameraDepthFade.uasset" 0
"../../../Engine/Content/EngineMaterials/T_Default_Material_Grid_M.uasset" 1
"../../../Engine/Content/EngineMaterials/T_Default_Material_Grid_N.uasset" 2
"../../../Engine/Content/EngineMaterials/WorldGridMaterial.uasset" 3
"../../../Engine/Content/ArtTools/RenderToTexture/Meshes/S_1_Unit_Plane.uasset" 4
"../../../Engine/Content/EngineMaterials/DefaultMaterial.uasset" 5
"../../../Engine/Content/BasicShapes/Cone.uasset" 6
"../../../Engine/Content/BasicShapes/Cube.uasset" 7
"../../../Engine/Content/BasicShapes/Plane.uasset" 8
"../../../Engine/Content/BasicShapes/Sphere.uasset" 9
"../../../Engine/Content/EngineMaterials/DefaultPhysicalMaterial.uasset" 10
"../../../Engine/Content/BufferVisualization/AmbientOcclusion.uasset" 11
"../../../Engine/Content/BufferVisualization/BaseColor.uasset" 12
"../../../Engine/Content/BufferVisualization/CustomDepth.uasset" 13
"../../../Engine/Content/Functions/Engine_MaterialFunctions02/Utility/VectorLength.uasset" 14
"../../../Engine/Content/BufferVisualization/CustomDepthWorldUnits.uasset" 15
"../../../Engine/Content/Functions/Engine_MaterialFunctions02/Utility/BreakOutFloat2Components.uasset" 16
"../../../Engine/Content/Functions/Engine_MaterialFunctions01/Texturing/ScaleUVsByCenter.uasset" 17
"../../../Engine/Content/Functions/Engine_MaterialFunctions02/ScreenResolution.uasset" 18
"../../../Engine/Content/Functions/Engine_MaterialFunctions02/Texturing/ScreenAlignedUVs.uasset" 19
"../../../Engine/Content/Functions/Engine_MaterialFunctions02/Utility/MakeFloat2.uasset" 20
"../../../Engine/Content/Functions/Engine_MaterialFunctions02/Utility/MakeFloat3.uasset" 21
"../../../Engine/Content/EngineMaterials/MiniFont.uasset" 22
"../../../Engine/Content/BufferVisualization/CustomStencil.uasset" 23
"../../../Engine/Content/BufferVisualization/FinalImage.uasset" 24
"../../../Engine/Content/BufferVisualization/LightingModel.uasset" 25
"../../../Engine/Content/BufferVisualization/MaterialAO.uasset" 26
"../../../Engine/Content/BufferVisualization/Metallic.uasset" 27
"../../../Engine/Content/BufferVisualization/Opacity.uasset" 28
"../../../Engine/Content/BufferVisualization/PostTonemapHDRColor.uasset" 29
"../../../Engine/Content/BufferVisualization/PreTonemapHDRColor.uasset" 30
"../../../Engine/Content/BufferVisualization/Roughness.uasset" 31
"../../../Engine/Content/BufferVisualization/SceneColor.uasset" 32
"../../../Engine/Content/BufferVisualization/SceneDepth.uasset" 33
"../../../Engine/Content/BufferVisualization/SceneDepthWorldUnits.uasset" 34
"../../../Engine/Content/BufferVisualization/SeparateTranslucencyA.uasset" 35
"../../../Engine/Content/BufferVisualization/SeparateTranslucencyRGB.uasset" 36
"../../../Engine/Content/BufferVisualization/Specular.uasset" 37
"../../../Engine/Content/BufferVisualization/SubsurfaceColor.uasset" 38
"../../../Engine/Content/BufferVisualization/WorldNormal.uasset" 39
"../../../Engine/Content/EditorLandscapeResources/DataLayer.uasset" 40
"../../../Engine/Content/EditorLandscapeResources/DefaultAlphaTexture.uasset" 41
"../../../Engine/Content/EditorLandscapeResources/LandscapeGizmoHeight_Mat.uasset" 42
"../../../Engine/Content/EditorLandscapeResources/LandscapeGizmo_Mat.uasset" 43
"../../../Engine/Content/EditorLandscapeResources/LandscapeGizmo_Mat_Copied.uasset" 44
"../../../Engine/Content/EditorLandscapeResources/SplineEditorMeshMat.uasset" 45
"../../../Engine/Content/EditorLandscapeResources/SplineEditorMesh.uasset" 46
"../../../Engine/Content/EditorMaterials/Cross.uasset" 47
"../../../Engine/Content/EditorMaterials/Cross_Mat.uasset" 48
"../../../Engine/Content/EditorMaterials/GizmoMaterial.uasset" 49
"../../../Engine/Content/Functions/Engine_MaterialFunctions02/Utility/Sign.uasset" 50
"../../../Engine/Content/Functions/Engine_MaterialFunctions02/Utility/Round.uasset" 51
"../../../Engine/Content/Functions/Engine_MaterialFunctions02/ExampleContent/Textures/flipbook.uasset" 52
"../../../Engine/Content/Functions/Engine_MaterialFunctions02/Texturing/FlipBook.uasset" 53
"../../../Engine/Content/EditorResources/T_EditorHelp.uasset" 54
"../../../Engine/Content/EditorMaterials/HelpActorMaterial.uasset" 55
"../../../Engine/Content/EditorMaterials/CompositeARGBLayer.uasset" 56
"../../../Engine/Content/EditorMaterials/TilingAALineIntegral.uasset" 57
"../../../Engine/Content/EditorMaterials/TilingAALineBoxFiltered.uasset" 58
"../../../Engine/Content/Functions/Engine_MaterialFunctions03/Procedurals/ComputeFilterWidth.uasset" 59
"../../../Engine/Content/EditorMaterials/TilingAADots.uasset" 60
"../../../Engine/Content/EditorMaterials/Cascade/CASC_Cross.uasset" 61
"../../../Engine/Content/EditorMaterials/Cascade/CASC_None.uasset" 62
"../../../Engine/Content/Functions/Engine_MaterialFunctions03/Blends/Blend_Screen.uasset" 63
"../../../Engine/Content/EditorMaterials/TilingAAGrid.uasset" 64
"../../../Engine/Content/EditorMaterials/LevelGridMaterial.uasset" 65
"../../../Engine/Content/EditorMaterials/MakeCompositeARGBLayer.uasset" 66
"../../../Engine/Content/EditorResources/LevelGrid1DStripes.uasset" 67
"../../../Engine/Content/EditorMaterials/TextureGridCascaded1D.uasset" 68
"../../../Engine/Content/EditorMaterials/TextureGridCascaded2D.uasset" 69
"../../../Engine/Content/EditorMaterials/LevelGridMaterial2.uasset" 70
"../../../Engine/Content/EditorMaterials/MAT_Groups_Toggle.uasset" 71
"../../../Engine/Content/EditorMaterials/MAT_Groups_Visibility.uasset" 72
"../../../Engine/Content/EditorMaterials/PhAT_BoneSelectedMaterial.uasset" 73
"../../../Engine/Content/EditorMaterials/PhAT_ElemSelectedMaterial.uasset" 74
"../../../Engine/Content/EditorMaterials/PhAT_NoCollisionMaterial.uasset" 75
"../../../Engine/Content/EditorMaterials/PhAT_UnselectedMaterial.uasset" 76
"../../../Engine/Content/EditorMaterials/PreviewShadowIndicator.uasset" 77
"../../../Engine/Content/EditorMaterials/PreviewShadowIndicatorMaterial.uasset" 78
"../../../Engine/Content/EditorMaterials/TargetIcon.uasset" 79
"../../../Engine/Content/EditorMaterials/Tick.uasset" 80
"../../../Engine/Content/EditorMaterials/Tick_Mat.uasset" 81
"../../../Engine/Content/EditorMaterials/WidgetGridVertexColorMaterial.uasset" 82
"../../../Engine/Content/EditorMaterials/WidgetGridVertexColorMaterial_Ma.uasset" 83
"../../../Engine/Content/EditorMaterials/WidgetMaterial.uasset" 84
"../../../Engine/Content/EditorMaterials/WidgetMaterial_Current.uasset" 85
"../../../Engine/Content/EditorMaterials/WidgetMaterial_X.uasset" 86
"../../../Engine/Content/EditorMaterials/WidgetMaterial_Y.uasset" 87
"../../../Engine/Content/EditorMaterials/WidgetMaterial_Z.uasset" 88
"../../../Engine/Content/EditorMaterials/WidgetVertexColorMaterial.uasset" 89
"../../../Engine/Content/EditorMaterials/MatineeGroups/MAT_ColorTrack.uasset" 90
"../../../Engine/Content/EditorMaterials/MatineeGroups/MAT_Groups_Anim.uasset" 91
"../../../Engine/Content/EditorMaterials/MatineeGroups/MAT_Groups_AudioMaster.uasset" 92
"../../../Engine/Content/EditorMaterials/MatineeGroups/MAT_Groups_Director.uasset" 93
"../../../Engine/Content/EditorMaterials/MatineeGroups/MAT_Groups_Event.uasset" 94
"../../../Engine/Content/EditorMaterials/MatineeGroups/MAT_Groups_Fade.uasset" 95
"../../../Engine/Content/EditorMaterials/MatineeGroups/MAT_Groups_Float.uasset" 96
"../../../Engine/Content/EditorMaterials/MatineeGroups/MAT_Groups_Move.uasset" 97
"../../../Engine/Content/EditorMaterials/MatineeGroups/MAT_Groups_Slomo.uasset" 98
"../../../Engine/Content/EditorMaterials/MatineeGroups/MAT_Groups_Sound.uasset" 99
"../../../Engine/Content/EditorMaterials/MatineeGroups/MAT_Groups_Vector.uasset" 100
"../../../Engine/Content/EditorMaterials/ParticleSystems/PSysThumbnail_NoImage.uasset" 101
"../../../Engine/Content/EditorMaterials/ParticleSystems/PSysThumbnail_OOD.uasset" 102
"../../../Engine/Content/EngineMaterials/Grid.uasset" 103
"../../../Engine/Content/EditorMaterials/Thumbnails/FloorPlaneMaterial.uasset" 104
"../../../Engine/Content/EditorMeshes/EditorCube.uasset" 105
"../../../Engine/Content/EditorMeshes/EditorCylinder.uasset" 106
"../../../Engine/Content/EditorMeshes/EditorPlane.uasset" 107
"../../../Engine/Content/EditorMaterials/Thumbnails/SkySphereMaterial.uasset" 108
"../../../Engine/Content/EditorMeshes/EditorSkySphere.uasset" 109
"../../../Engine/Content/EditorMeshes/EditorSphere.uasset" 110
"../../../Engine/Content/EditorResources/MatineeCam_D.uasset" 111
"../../../Engine/Content/EditorMaterials/MatineeCam_mat.uasset" 112
"../../../Engine/Content/EditorMeshes/MatineeCam_SM.uasset" 113
"../../../Engine/Content/EditorMaterials/Camera/CineMat.uasset" 114
"../../../Engine/Content/EditorMaterials/Camera/MI_CineMat_CameraBody.uasset" 115
"../../../Engine/Content/EngineDebugMaterials/M_SimpleOpaque.uasset" 116
"../../../Engine/Content/EditorMaterials/Camera/MI_CineMat_CamViewFinder.uasset" 117
"../../../Engine/Content/EditorMeshes/Camera/SM_CineCam.uasset" 118
"../../../Engine/Content/EditorMaterials/Camera/MI_CineMat_Rig.uasset" 119
"../../../Engine/Content/EditorMeshes/Camera/SM_CraneRig_Arm.uasset" 120
"../../../Engine/Content/EditorMeshes/Camera/SM_CraneRig_Base.uasset" 121
"../../../Engine/Content/EditorMeshes/Camera/SM_CraneRig_Body.uasset" 122
"../../../Engine/Content/EditorMeshes/Camera/SM_CraneRig_Mount.uasset" 123
"../../../Engine/Content/EditorMeshes/Camera/SM_RailRig_Mount.uasset" 124
"../../../Engine/Content/EditorMeshes/Camera/SM_RailRig_Track.uasset" 125
"../../../Engine/Content/EditorMeshes/ColorCalibrator/M_ChromeBall.uasset" 126
"../../../Engine/Content/EditorMeshes/ColorCalibrator/M_ClearCoat.uasset" 127
"../../../Engine/Content/EditorMeshes/ColorCalibrator/M_ClearCoatBlack.uasset" 128
"../../../Engine/Content/EditorMeshes/ColorCalibrator/Color_checker.uasset" 129
"../../../Engine/Content/EditorMeshes/ColorCalibrator/M_ColorGrid.uasset" 130
"../../../Engine/Content/EditorMeshes/ColorCalibrator/M_GreyBall.uasset" 131
"../../../Engine/Content/EditorMeshes/ColorCalibrator/SM_ColorCalibrator.uasset" 132
"../../../Engine/Content/EditorResources/Bad.uasset" 133
"../../../Engine/Content/EditorResources/BSPVertex.uasset" 134
"../../../Engine/Content/EditorResources/EmptyActor.uasset" 135
"../../../Engine/Content/EditorResources/MatInstActSprite.uasset" 136
"../../../Engine/Content/EditorResources/SceneManager.uasset" 137
"../../../Engine/Content/EditorResources/SmallFont.uasset" 138
"../../../Engine/Content/EditorResources/S_Actor.uasset" 139
"../../../Engine/Content/EditorResources/S_DecalActorIcon.uasset" 140
"../../../Engine/Content/EditorResources/S_Emitter.uasset" 141
"../../../Engine/Content/EditorResources/S_ExpoHeightFog.uasset" 142
"../../../Engine/Content/EditorResources/S_FTest.uasset" 143
"../../../Engine/Content/EditorResources/S_KBSJoint.uasset" 144
"../../../Engine/Content/EditorResources/S_KHinge.uasset" 145
"../../../Engine/Content/EditorResources/S_KPrismatic.uasset" 146
"../../../Engine/Content/EditorResources/S_LevelSequence.uasset" 147
"../../../Engine/Content/EditorResources/S_NavP.uasset" 148
"../../../Engine/Content/EditorResources/S_Note.uasset" 149
"../../../Engine/Content/EditorResources/S_Player.uasset" 150
"../../../Engine/Content/EditorResources/S_PortalActorIcon2.uasset" 151
"../../../Engine/Content/EditorResources/S_RadForce.uasset" 152
"../../../Engine/Content/EditorResources/S_ReflActorIcon.uasset" 153
"../../../Engine/Content/EditorResources/S_Terrain.uasset" 154
"../../../Engine/Content/EditorResources/S_TextRenderActorIcon.uasset" 155
"../../../Engine/Content/EditorResources/S_Thruster.uasset" 156
"../../../Engine/Content/EditorResources/S_Trigger.uasset" 157
"../../../Engine/Content/EditorResources/S_VectorFieldVol.uasset" 158
"../../../Engine/Content/EditorResources/S_WindDirectional.uasset" 159
"../../../Engine/Content/EditorResources/AI/S_NavLink.uasset" 160
"../../../Engine/Content/EditorResources/LightIcons/SkyLight.uasset" 161
"../../../Engine/Content/EditorResources/LightIcons/S_LightDirectional.uasset" 162
"../../../Engine/Content/EditorResources/LightIcons/S_LightDirectionalMove.uasset" 163
"../../../Engine/Content/EditorResources/LightIcons/S_LightError.uasset" 164
"../../../Engine/Content/EditorResources/LightIcons/S_LightPoint.uasset" 165
"../../../Engine/Content/EditorResources/LightIcons/S_LightPointMove.uasset" 166
"../../../Engine/Content/EditorResources/LightIcons/S_LightSpot.uasset" 167
"../../../Engine/Content/EditorResources/LightIcons/S_LightSpotMove.uasset" 168
"../../../Engine/Content/EditorResources/SequenceRecorder/Countdown.uasset" 169
"../../../Engine/Content/EditorResources/SequenceRecorder/RecordingIndicator.uasset" 170
"../../../Engine/Content/EditorResources/Spline/T_Loft_Spline.uasset" 171
"../../../Engine/Content/EditorSounds/Notifications/CompileFailed.uasset" 172
"../../../Engine/Content/EditorSounds/Notifications/CompileFailed_Cue.uasset" 173
"../../../Engine/Content/EditorSounds/Notifications/CompileSuccess.uasset" 174
"../../../Engine/Content/EditorSounds/Notifications/CompileStart_Cue.uasset" 175
"../../../Engine/Content/EditorSounds/Notifications/CompileSuccess_Cue.uasset" 176
"../../../Engine/Content/EngineDamageTypes/DmgTypeBP_Environmental.uasset" 177
"../../../Engine/Content/EngineDebugMaterials/HeatmapGradient.uasset" 178
"../../../Engine/Content/EngineDebugMaterials/BoneWeightMaterial.uasset" 179
"../../../Engine/Content/EngineDebugMaterials/ClothMaterial.uasset" 180
"../../../Engine/Content/EngineDebugMaterials/ClothMaterial_WF.uasset" 181
"../../../Engine/Content/EngineDebugMaterials/DebugEditorMaterial.uasset" 182
"../../../Engine/Content/EngineDebugMaterials/DebugMeshMaterial.uasset" 183
"../../../Engine/Content/EngineDebugMaterials/GeomMaterial.uasset" 184
"../../../Engine/Content/Functions/Engine_MaterialFunctions01/Shading/ConvertFromDiffSpec.uasset" 185
"../../../Engine/Content/EngineDebugMaterials/LevelColorationLitMaterial.uasset" 186
"../../../Engine/Content/EngineDebugMaterials/LevelColorationUnlitMaterial.uasset" 187
"../../../Engine/Content/EngineMaterials/DefaultWhiteGrid.uasset" 188
"../../../Engine/Content/EngineDebugMaterials/MAT_LevelColorationLitLightmapUV.uasset" 189
"../../../Engine/Content/EngineDebugMaterials/M_SimpleTranslucent.uasset" 190
"../../../Engine/Content/EngineDebugMaterials/ShadedLevelColorationLitMaterial.uasset" 191
"../../../Engine/Content/EngineDebugMaterials/ShadedLevelColorationUnlitMateri.uasset" 192
"../../../Engine/Content/EngineDebugMaterials/VertexColorMaterial.uasset" 193
"../../../Engine/Content/EngineDebugMaterials/VertexColorViewMode_AlphaAsColor.uasset" 194
"../../../Engine/Content/EngineDebugMaterials/VertexColorViewMode_BlueOnly.uasset" 195
"../../../Engine/Content/EngineDebugMaterials/VertexColorViewMode_ColorOnly.uasset" 196
"../../../Engine/Content/EngineDebugMaterials/VertexColorViewMode_GreenOnly.uasset" 197
"../../../Engine/Content/EngineDebugMaterials/VertexColorViewMode_RedOnly.uasset" 198
"../../../Engine/Content/EngineDebugMaterials/WireframeMaterial.uasset" 199
"../../../Engine/Content/EngineFonts/Faces/RobotoBold.uasset" 200
"../../../Engine/Content/EngineFonts/Faces/RobotoBoldItalic.uasset" 201
"../../../Engine/Content/EngineFonts/Faces/RobotoItalic.uasset" 202
"../../../Engine/Content/EngineFonts/Faces/RobotoLight.uasset" 203
"../../../Engine/Content/EngineFonts/Faces/RobotoRegular.uasset" 204
"../../../Engine/Content/EngineFonts/Roboto.uasset" 205
"../../../Engine/Content/EngineFonts/Faces/RobotoTiny.uasset" 206
"../../../Engine/Content/EngineFonts/RobotoTiny.uasset" 207
"../../../Engine/Content/EngineFonts/SmallFont.uasset" 208
"../../../Engine/Content/EngineFonts/TinyFont.uasset" 209
"../../../Engine/Content/EngineResources/WhiteSquareTexture.uasset" 210
"../../../Engine/Content/EngineMaterials/BlinkingCaret.uasset" 211
"../../../Engine/Content/EngineMaterials/DefaultBloomKernel.uasset" 212
"../../../Engine/Content/EngineMaterials/DefaultBokeh.uasset" 213
"../../../Engine/Content/EngineMaterials/DefaultDiffuse.uasset" 214
"../../../Engine/Content/EngineMaterials/DefaultDeferredDecalMaterial.uasset" 215
"../../../Engine/Content/EngineMaterials/DefaultLightFunctionMaterial.uasset" 216
"../../../Engine/Content/EngineMaterials/DefaultNormal.uasset" 217
"../../../Engine/Content/EngineMaterials/DefaultPostProcessMaterial.uasset" 218
"../../../Engine/Content/EngineFonts/RobotoDistanceField.uasset" 219
"../../../Engine/Content/EngineMaterials/DefaultTextMaterialOpaque.uasset" 220
"../../../Engine/Content/EngineMaterials/EditorBrushMaterial.uasset" 221
"../../../Engine/Content/EngineMaterials/Good64x64TilingNoiseHighFreq.uasset" 222
"../../../Engine/Content/EngineMaterials/Grid_N.uasset" 223
"../../../Engine/Content/EngineMaterials/HighResolutionScreenshotMaskFunction.uasset" 224
"../../../Engine/Content/EngineMaterials/HighResScreenshot.uasset" 225
"../../../Engine/Content/EngineMaterials/HighResScreenshotCaptureRegion.uasset" 226
"../../../Engine/Content/EngineMaterials/HighResScreenshotMask.uasset" 227
"../../../Engine/Content/EngineMaterials/LandscapeHolePhysicalMaterial.uasset" 228
"../../../Engine/Content/EngineMaterials/InvalidLightmapSettings.uasset" 229
"../../../Engine/Content/EngineMaterials/M_InvalidLightmapSettings.uasset" 230
"../../../Engine/Content/EngineMaterials/PaperDiffuse.uasset" 231
"../../../Engine/Content/EngineMaterials/PaperNormal.uasset" 232
"../../../Engine/Content/Functions/Engine_MaterialFunctions02/WorldPositionOffset/CameraOffset.uasset" 233
"../../../Engine/Content/EngineMaterials/PhAT_JointLimitMaterial.uasset" 234
"../../../Engine/Content/EngineMaterials/PhysMat_Rubber.uasset" 235
"../../../Engine/Content/EngineMaterials/PreintegratedSkinBRDF.uasset" 236
"../../../Engine/Content/EngineMaterials/RemoveSurfaceMaterial.uasset" 237
"../../../Engine/Content/EngineMaterials/WeightMapPlaceholderTexture.uasset" 238
"../../../Engine/Content/EngineMaterials/Widget3DPassThrough.uasset" 239
"../../../Engine/Content/EngineMaterials/Widget3DPassThrough_Masked.uasset" 240
"../../../Engine/Content/EngineMaterials/Widget3DPassThrough_Opaque.uasset" 241
"../../../Engine/Content/EngineMaterials/Widget3DPassThrough_Masked_OneSided.uasset" 242
"../../../Engine/Content/EngineMaterials/Widget3DPassThrough_Opaque_OneSided.uasset" 243
"../../../Engine/Content/EngineMaterials/Widget3DPassThrough_Translucent.uasset" 244
"../../../Engine/Content/EngineMaterials/Widget3DPassThrough_Translucent_OneSided.uasset" 245
"../../../Engine/Content/EngineMeshes/Cube.uasset" 246
"../../../Engine/Content/EngineMeshes/Cylinder.uasset" 247
"../../../Engine/Content/EngineMeshes/Sphere.uasset" 248
"../../../Engine/Content/EngineResources/Black.uasset" 249
"../../../Engine/Content/EngineResources/DefaultTexture.uasset" 250
"../../../Engine/Content/EngineResources/DefaultTextureCube.uasset" 251
"../../../Engine/Content/EngineResources/GradientTexture0.uasset" 252
"../../../Engine/Content/EngineResources/StreamingPauseIcon.uasset" 253
"../../../Engine/Content/EngineResources/M_StreamingPause.uasset" 254
"../../../Engine/Content/EngineSounds/Master.uasset" 255
"../../../Engine/Content/Functions/Engine_MaterialFunctions01/Shading/PowerToRoughness.uasset" 256
"../../../Engine/Content/Maps/Templates/Thumbnails/Default.uasset" 257
"../../../Engine/Content/Maps/Templates/Thumbnails/VR-Basic.uasset" 258
"../../../Engine/Content/MapTemplates/Sky/DaylightAmbientCubemap.uasset" 259
"../../../Engine/Content/MobileResources/T_MobileControls_texture.uasset" 260
"../../../Engine/Content/MobileResources/T_MobileMenu2.uasset" 261
"../../../Engine/Content/MobileResources/HUD/AnalogHat.uasset" 262
"../../../Engine/Content/MobileResources/HUD/VirtualJoystick_Background.uasset" 263
"../../../Engine/Content/MobileResources/HUD/VirtualJoystick_Thumb.uasset" 264
"../../../Engine/Content/MobileResources/HUD/DefaultVirtualJoysticks.uasset" 265
"../../../Engine/Content/MobileResources/HUD/LeftVirtualJoystickOnly.uasset" 266
"../../../Engine/Content/MobileResources/HUD/MobileHUDButton1_off.uasset" 267
"../../../Engine/Content/MobileResources/HUD/MobileHUDButton1_on.uasset" 268
"../../../Engine/Content/MobileResources/HUD/MobileHUDButton2_off.uasset" 269
"../../../Engine/Content/MobileResources/HUD/MobileHUDButton2_on.uasset" 270
"../../../Engine/Content/MobileResources/HUD/MobileHUDButton3.uasset" 271
"../../../Engine/Content/MobileResources/HUD/MobileHUDButtonFire.uasset" 272
"../../../Engine/Content/MobileResources/HUD/MobileHUDDirectionPad.uasset" 273
"../../../Engine/Content/MobileResources/HUD/MobileHUDDirectionPad2.uasset" 274
"../../../Engine/Content/MobileResources/HUD/MobileHUDDirectionPad3.uasset" 275
"../../../Engine/Content/MobileResources/HUD/MobileHUDDirectionStick.uasset" 276
"../../../Engine/Content/MobileResources/HUD/T_Castle_ThumbstickInner.uasset" 277
"../../../Engine/Content/MobileResources/HUD/T_Castle_ThumbstickOutter.uasset" 278
"../../../Engine/Content/Tutorial/ContentIntroCurve.uasset" 279
"../../../Engine/Content/Tutorial/Basics/TutorialAssets/icon_tab_Levels_40x.uasset" 280
"../../../Engine/Content/Tutorial/BlueprintTutorials/TutorialAssets/BlueprintInterface_64x.uasset" 281
"../../../Engine/Content/Tutorial/BlueprintTutorials/TutorialAssets/BlueprintMacroLibrary_64x.uasset" 282
"../../../Engine/Content/Tutorial/BlueprintTutorials/TutorialAssets/Blueprint_64x.uasset" 283
"../../../Engine/Content/Tutorial/BlueprintTutorials/TutorialAssets/Tutorial_BP_Interface.uasset" 284
"../../../Engine/Content/Tutorial/Foliage/TutorialAssets/Foliage.uasset" 285
"../../../Engine/Content/Tutorial/Landscape/TutorialAssets/Landscape.uasset" 286
"../../../Engine/Content/Tutorial/Mobile/TutorialAssets/android_Icon.uasset" 287
"../../../Engine/Content/Tutorial/Paper2D/TutorialAssets/Paper2DFlipbook_TutorialIcon.uasset" 288
"../../../Engine/Content/Tutorial/Paper2D/TutorialAssets/Paper2DSprite_TutorialIcon.uasset" 289
"../../../Engine/Content/Tutorial/SubEditors/TutorialAssets/icon_Editor_Preferences_General_40x.uasset" 290
"../../../Engine/Content/Tutorial/SubEditors/TutorialAssets/icon_ShowSkeletalMeshes_40x.uasset" 291
"../../../Engine/Content/Tutorial/SubEditors/TutorialAssets/TutorialMaterial.uasset" 292
"../../../Engine/Content/Tutorial/SubEditors/TutorialAssets/T_SmokeSubUV_8X8.uasset" 293
"../../../Engine/Content/Tutorial/SubEditors/TutorialAssets/T_soft_smoke.uasset" 294
"../../../Engine/Content/Tutorial/SubEditors/TutorialAssets/M_smoke_subUV_blackbody.uasset" 295
"../../../Engine/Content/Tutorial/SubEditors/TutorialAssets/TutorialParticleSystem.uasset" 296
"../../../Engine/Content/VREditor/Devices/Generic/GenericHMDMaterial.uasset" 297
"../../../Engine/Content/VREditor/Devices/Generic/GenericHMD.uasset" 298
"../../../Engine/Content/Functions/Engine_MaterialFunctions02/Utility/BreakOutFloat3Components.uasset" 299
"../../../Engine/Content/VREditor/Devices/Vive/VivePreController_MasksB.uasset" 300
"../../../Engine/Content/VREditor/Devices/Oculus/OculusControllerMaterial.uasset" 301
"../../../Engine/Content/VREditor/Devices/Oculus/OculusControllerMaterial_Inst.uasset" 302
"../../../Engine/Content/VREditor/Devices/Oculus/OculusControllerMesh.uasset" 303
"../../../Engine/Content/VREditor/Devices/Vive/T_VivePreController_EM.uasset" 304
"../../../Engine/Content/VREditor/Devices/Vive/VivePreController_MasksA.uasset" 305
"../../../Engine/Content/VREditor/Devices/Vive/VivePreControllerDiffuse.uasset" 306
"../../../Engine/Content/VREditor/Devices/Vive/VivePreControllerSpec.uasset" 307
"../../../Engine/Content/VREditor/LaserPointer/VR_LaserPower_01.uasset" 308
"../../../Engine/Content/VREditor/Devices/Vive/VivePreControllerMaterial.uasset" 309
"../../../Engine/Content/VREditor/Devices/Vive/VivePreControllerMaterial_Inst.uasset" 310
"../../../Engine/Content/VREditor/Devices/Vive/VivePreControllerMesh.uasset" 311
"../../../Engine/Content/VREditor/FloatingText/LineMaterial.uasset" 312
"../../../Engine/Content/VREditor/FloatingText/JointSphere.uasset" 313
"../../../Engine/Content/VREditor/FloatingText/LineSegmentCylinder.uasset" 314
"../../../Engine/Content/VREditor/Fonts/VRText_RobotoLarge.uasset" 315
"../../../Engine/Content/VREditor/Fonts/VRTextMaterial.uasset" 316
"../../../Engine/Content/VREditor/Fonts/TranslucentVRTextMaterial.uasset" 317
"../../../Engine/Content/VREditor/LaserPointer/CursorPointer.uasset" 318
"../../../Engine/Content/VREditor/TransformGizmo/TransformGizmoMaterial.uasset" 319
"../../../Engine/Content/VREditor/LaserPointer/HoverMaterial.uasset" 320
"../../../Engine/Content/VREditor/TransformGizmo/TranslucentTransformGizmoMaterial.uasset" 321
"../../../Engine/Content/VREditor/LaserPointer/TranslucentHoverMaterial.uasset" 322
"../../../Engine/Content/VREditor/LaserPointer/HoverMesh.uasset" 323
"../../../Engine/Content/VREditor/LaserPointer/LaserPointerMaterial.uasset" 324
"../../../Engine/Content/VREditor/LaserPointer/LaserPointerMaterialInst.uasset" 325
"../../../Engine/Content/VREditor/LaserPointer/TranslucentLaserPointerMaterialInst.uasset" 326
"../../../Engine/Content/VREditor/LaserPointer/LaserPointerMesh.uasset" 327
"../../../Engine/Content/VREditor/LaserPointer/LaserPointerMesh_End.uasset" 328
"../../../Engine/Content/VREditor/LaserPointer/LaserPointerMesh_Start.uasset" 329
"../../../Engine/Content/VREditor/Sounds/VR_teleport.uasset" 330
"../../../Engine/Content/VREditor/Sounds/UI/Click_on_Button.uasset" 331
"../../../Engine/Content/VREditor/Sounds/UI/Click_on_Button_Cue.uasset" 332
"../../../Engine/Content/VREditor/Sounds/UI/Dockable_Window_Close.uasset" 333
"../../../Engine/Content/VREditor/Sounds/UI/Dockable_Window_Drop.uasset" 334
"../../../Engine/Content/VREditor/Sounds/UI/Dockable_Window_Open.uasset" 335
"../../../Engine/Content/VREditor/Sounds/UI/Dockable_Window_Pick_Up.uasset" 336
"../../../Engine/Content/VREditor/Sounds/UI/Drop_Item_From_ContentBrowser.uasset" 337
"../../../Engine/Content/VREditor/Sounds/UI/Floating_UI_Open-001.uasset" 338
"../../../Engine/Content/VREditor/Sounds/UI/Radial_Menu_FadeOut.uasset" 339
"../../../Engine/Content/VREditor/Sounds/UI/Teleport_Mode_Entered.uasset" 340
"../../../Engine/Content/VREditor/Teleport/TeleportDirectionMaterial.uasset" 341
"../../../Engine/Content/VREditor/Teleport/TeleportDirectionMaterial_Inst.uasset" 342
"../../../Engine/Content/VREditor/Teleport/TeleportDirectionMesh.uasset" 343
"../../../Engine/Content/VREditor/TransformGizmo/BoundingBoxCorner.uasset" 344
"../../../Engine/Content/VREditor/TransformGizmo/BoundingBoxEdge.uasset" 345
"../../../Engine/Content/VREditor/TransformGizmo/PlaneTranslationHandle.uasset" 346
"../../../Engine/Content/VREditor/TransformGizmo/Main.uasset" 347
"../../../Engine/Content/VREditor/TransformGizmo/Xray.uasset" 348
"../../../Engine/Content/VREditor/TransformGizmo/SM_Dialog_Close.uasset" 349
"../../../Engine/Content/VREditor/TransformGizmo/SM_Dialog_Move.uasset" 350
"../../../Engine/Content/VREditor/TransformGizmo/SM_Sequencer_Key.uasset" 351
"../../../Engine/Content/VREditor/TransformGizmo/SM_Sequencer_Node.uasset" 352
"../../../Engine/Content/VREditor/TransformGizmo/TransformGizmoMaterial_Inst.uasset" 353
"../../../Engine/Content/VREditor/TransformGizmo/TranslucentTransformGizmoMaterial_Inst.uasset" 354
"../../../Engine/Content/VREditor/Devices/Vive/UE4_Logo.uasset" 355
"../../../Engine/Content/VREditor/UI/M_ContentWindow.uasset" 356
"../../../Engine/Content/VREditor/UI/SM_ContentWindow_01.uasset" 357
"../../../Engine/Content/VREditor/UI/KeyDiskMaterial.uasset" 358
"../../../Engine/Content/VREditor/UI/DiscMaterial.uasset" 359
"../../../Engine/Content/VREditor/UI/SM_Radial_Disk.uasset" 360
"../../../Engine/Content/VREditor/UI/ArrowMaterial.uasset" 361
"../../../Engine/Content/VREditor/UI/SM_Radial_Pointer.uasset" 362
"../../../Engine/Content/Functions/Engine_MaterialFunctions01/Gradient/RadialGradient.uasset" 363
"../../../Engine/Content/VREditor/WorldMovementGrid/SimpleGrid.uasset" 364
"../../../Engine/Content/VREditor/WorldMovementGrid/GridMaterial.uasset" 365
"../../../Engine/Content/Functions/Engine_MaterialFunctions01/Density/ExponentialDensity.uasset" 366
"../../../Engine/Content/VREditor/WorldMovementGrid/GridPostProcess.uasset" 367
"../../../Engine/Content/EditorLandscapeResources/FlattenHeightMat.uasset" 368
"../../../Engine/Content/VREditor/WorldMovementGrid/PlaneMesh.uasset" 369
"../../../../../Github/MobileScroller/Content/2DSideScrollerBP/Blueprints/MyGameInstance.uasset" 370
"../../Plugins/2D/Paper2D/Content/PlaceholderTextures/DummySpriteTexture.uasset" 371
"../../Plugins/2D/Paper2D/Content/DummySprite.uasset" 372
"../../Plugins/2D/Paper2D/Content/DefaultPaperTerrainMaterial.uasset" 373
"../../Plugins/2D/Paper2D/Content/DefaultSpriteMaterial.uasset" 374
"../../Plugins/2D/Paper2D/Content/MaskedUnlitSpriteMaterial.uasset" 375
"../../Plugins/2D/Paper2D/Content/OpaqueUnlitSpriteMaterial.uasset" 376
"../../Plugins/Media/MediaCompositing/Content/DefaultMediaPlaneTexture.uasset" 377
"../../Plugins/Media/MediaCompositing/Content/DefaultMediaPlaneMaterial.uasset" 378
"../../../Engine/Content/Functions/Engine_MaterialFunctions02/Utility/MakeFloat4.uasset" 379
"../../Plugins/Runtime/AppleARKit/Content/ARKitCameraMaterial.uasset" 380
"../../Plugins/Runtime/Oculus/OculusVR/Content/Textures/GearVRController_AO.uasset" 381
"../../Plugins/Runtime/Oculus/OculusVR/Content/Textures/GearVRController_Color.uasset" 382
"../../Plugins/Runtime/Oculus/OculusVR/Content/Textures/GearVRController_Normal.uasset" 383
"../../Plugins/Runtime/Oculus/OculusVR/Content/Materials/GearVRControllerMaterial.uasset" 384
"../../Plugins/Runtime/Oculus/OculusVR/Content/Meshes/GearVrController.uasset" 385
"../../../../../Github/MobileScroller/Content/2DSideScrollerBP/content/bat.uasset" 386
"../../../../../Github/MobileScroller/Content/2DSideScrollerBP/content/bat_Sprite_0.uasset" 387
"../../../../../Github/MobileScroller/Content/2DSideScrollerBP/content/bat_Sprite_1.uasset" 388
"../../../../../Github/MobileScroller/Content/2DSideScrollerBP/content/bat_Sprite_2.uasset" 389
"../../../../../Github/MobileScroller/Content/2DSideScrollerBP/content/bat_Sprite_3.uasset" 390
"../../../../../Github/MobileScroller/Content/2DSideScrollerBP/content/bat1.uasset" 391
"../../../../../Github/MobileScroller/Content/2DSideScrollerBP/Blueprints/BatEnemy.uasset" 392
"../../../Engine/Content/EditorBlueprintResources/StandardMacros.uasset" 393
"../../../../../Github/MobileScroller/Content/2DSideScrollerBP/Blueprints/MySaveGame.uasset" 394
"../../../../../Github/MobileScroller/Content/2DSideScrollerBP/content/bluegradient.uasset" 395
"../../../../../Github/MobileScroller/Content/game_over_screen.uasset" 396
"../../../../../Github/MobileScroller/Content/2DSideScrollerBP/Blueprints/HUD/GameOVerScreen.uasset" 397
"../../../../../Github/MobileScroller/Content/click_sound__1_.uasset" 398
"../../../../../Github/MobileScroller/Content/2DSideScrollerBP/Blueprints/HUD/PausedScreen.uasset" 399
"../../../../../Github/MobileScroller/Content/2DSideScrollerBP/content/hearts/heartbeat.uasset" 400
"../../Plugins/2D/Paper2D/Content/TranslucentUnlitSpriteMaterial.uasset" 401
"../../../../../Github/MobileScroller/Content/2DSideScrollerBP/content/sprites/Player/rollo.uasset" 402
"../../../../../Github/MobileScroller/Content/2DSideScrollerBP/content/sprites/Player/rollo_Sprite_65.uasset" 403
"../../../../../Github/MobileScroller/Content/2DSideScrollerBP/content/sprites/Player/rollo_Sprite_66.uasset" 404
"../../../../../Github/MobileScroller/Content/2DSideScrollerBP/content/sprites/Player/rollo_Sprite_67.uasset" 405
"../../../../../Github/MobileScroller/Content/2DSideScrollerBP/content/sprites/Player/rollo_Sprite_68.uasset" 406
"../../../../../Github/MobileScroller/Content/2DSideScrollerBP/content/sprites/Player/rollo_Sprite_69.uasset" 407
"../../../../../Github/MobileScroller/Content/2DSideScrollerBP/content/sprites/Player/rollo_Sprite_70.uasset" 408
"../../../../../Github/MobileScroller/Content/2DSideScrollerBP/content/sprites/Player/rollo_Sprite_71.uasset" 409
"../../../../../Github/MobileScroller/Content/2DSideScrollerBP/content/sprites/Player/rollo_Sprite_72.uasset" 410
"../../../../../Github/MobileScroller/Content/2DSideScrollerBP/content/sprites/Player/rollo_Sprite_73.uasset" 411
"../../../../../Github/MobileScroller/Content/2DSideScrollerBP/content/sprites/Player/rollo_Sprite_74.uasset" 412
"../../../../../Github/MobileScroller/Content/2DSideScrollerBP/content/sprites/Player/PC_LongAttack.uasset" 413
"../../../../../Github/MobileScroller/Content/2DSideScrollerBP/content/sprites/Player/rollo_Sprite_17.uasset" 414
"../../../../../Github/MobileScroller/Content/2DSideScrollerBP/content/sprites/Player/rollo_Sprite_18.uasset" 415
"../../../../../Github/MobileScroller/Content/2DSideScrollerBP/content/sprites/Player/rollo_Sprite_19.uasset" 416
"../../../../../Github/MobileScroller/Content/2DSideScrollerBP/content/sprites/Player/Player_Idle.uasset" 417
"../../../../../Github/MobileScroller/Content/2DSideScrollerBP/content/sprites/Player/rollo_Sprite_45.uasset" 418
"../../../../../Github/MobileScroller/Content/2DSideScrollerBP/content/sprites/Player/rollo_Sprite_46.uasset" 419
"../../../../../Github/MobileScroller/Content/2DSideScrollerBP/content/sprites/Player/rollo_Sprite_47.uasset" 420
"../../../../../Github/MobileScroller/Content/2DSideScrollerBP/content/sprites/Player/rollo_Sprite_48.uasset" 421
"../../../../../Github/MobileScroller/Content/2DSideScrollerBP/content/sprites/Player/rollo_Sprite_49.uasset" 422
"../../../../../Github/MobileScroller/Content/2DSideScrollerBP/content/sprites/Player/rollo_Sprite_50.uasset" 423
"../../../../../Github/MobileScroller/Content/2DSideScrollerBP/content/sprites/Player/rollo_Sprite_51.uasset" 424
"../../../../../Github/MobileScroller/Content/2DSideScrollerBP/content/sprites/Player/rollo_Sprite_52.uasset" 425
"../../../../../Github/MobileScroller/Content/2DSideScrollerBP/content/sprites/Player/rollo_Sprite_53.uasset" 426
"../../../../../Github/MobileScroller/Content/2DSideScrollerBP/content/sprites/Player/rollo_Sprite_54.uasset" 427
"../../../../../Github/MobileScroller/Content/2DSideScrollerBP/content/sprites/Player/Player_Walking.uasset" 428
"../../../../../Github/MobileScroller/Content/Game_over.uasset" 429
"../../../../../Github/MobileScroller/Content/2DSideScrollerBP/Blueprints/PlayerCharacter.uasset" 430
"../../../../../Github/MobileScroller/Content/2DSideScrollerBP/content/sprites/RangedEnemy/RangedEnemy.uasset" 431
"../../../../../Github/MobileScroller/Content/2DSideScrollerBP/content/sprites/RangedEnemy/Arrow_Sprite.uasset" 432
"../../../../../Github/MobileScroller/Content/2DSideScrollerBP/Blueprints/Arrow.uasset" 433
"../../../../../Github/MobileScroller/Content/2DSideScrollerBP/content/QuestionMark/Question1.uasset" 434
"../../../../../Github/MobileScroller/Content/2DSideScrollerBP/content/QuestionMark/Question1_Sprite.uasset" 435
"../../../../../Github/MobileScroller/Content/2DSideScrollerBP/content/QuestionMark/Question2.uasset" 436
"../../../../../Github/MobileScroller/Content/2DSideScrollerBP/content/QuestionMark/Question2_Sprite.uasset" 437
"../../../../../Github/MobileScroller/Content/2DSideScrollerBP/content/QuestionMark/Question.uasset" 438
"../../../../../Github/MobileScroller/Content/2DSideScrollerBP/content/sprites/RangedEnemy/RangedEnemy_Sprite_1.uasset" 439
"../../../../../Github/MobileScroller/Content/2DSideScrollerBP/content/sprites/RangedEnemy/RangedEnemy_Sprite_2.uasset" 440
"../../../../../Github/MobileScroller/Content/2DSideScrollerBP/content/sprites/RangedEnemy/RangedEnemy_Sprite_3.uasset" 441
"../../../../../Github/MobileScroller/Content/2DSideScrollerBP/content/sprites/RangedEnemy/RangedEnemy_Sprite_4.uasset" 442
"../../../../../Github/MobileScroller/Content/2DSideScrollerBP/content/sprites/RangedEnemy/AttackAnimation_RE.uasset" 443
"../../../../../Github/MobileScroller/Content/2DSideScrollerBP/content/sprites/RangedEnemy/IdleAnimation_RE.uasset" 444
"../../../../../Github/MobileScroller/Content/arrowSound.uasset" 445
"../../../../../Github/MobileScroller/Content/tearing_paper_optimized.uasset" 446
"../../../../../Github/MobileScroller/Content/2DSideScrollerBP/Blueprints/RangedEnemy.uasset" 447
"../../../../../Github/MobileScroller/Content/2DSideScrollerBP/Blueprints/GreenArrow.uasset" 448
"../../../../../Github/MobileScroller/Content/2DSideScrollerBP/content/sprites/RangedEnemy/AttackAnimation_faster.uasset" 449
"../../../../../Github/MobileScroller/Content/2DSideScrollerBP/Blueprints/RangedEnemyGreen.uasset" 450
"../../../../../Github/MobileScroller/Content/character_walk.uasset" 451
"../../../../../Github/MobileScroller/Content/character_walk_Sprite_0.uasset" 452
"../../../../../Github/MobileScroller/Content/character_walk_Sprite_1.uasset" 453
"../../../../../Github/MobileScroller/Content/character_walk_Sprite_10.uasset" 454
"../../../../../Github/MobileScroller/Content/character_walk_Sprite_11.uasset" 455
"../../../../../Github/MobileScroller/Content/character_walk_Sprite_12.uasset" 456
"../../../../../Github/MobileScroller/Content/character_walk_Sprite_13.uasset" 457
"../../../../../Github/MobileScroller/Content/character_walk_Sprite_14.uasset" 458
"../../../../../Github/MobileScroller/Content/character_walk_Sprite_15.uasset" 459
"../../../../../Github/MobileScroller/Content/character_walk_Sprite_16.uasset" 460
"../../../../../Github/MobileScroller/Content/character_walk_Sprite_17.uasset" 461
"../../../../../Github/MobileScroller/Content/character_walk_Sprite_18.uasset" 462
"../../../../../Github/MobileScroller/Content/character_walk_Sprite_19.uasset" 463
"../../../../../Github/MobileScroller/Content/character_walk_Sprite_2.uasset" 464
"../../../../../Github/MobileScroller/Content/character_walk_Sprite_20.uasset" 465
"../../../../../Github/MobileScroller/Content/character_walk_Sprite_21.uasset" 466
"../../../../../Github/MobileScroller/Content/character_walk_Sprite_22.uasset" 467
"../../../../../Github/MobileScroller/Content/character_walk_Sprite_3.uasset" 468
"../../../../../Github/MobileScroller/Content/character_walk_Sprite_4.uasset" 469
"../../../../../Github/MobileScroller/Content/character_walk_Sprite_5.uasset" 470
"../../../../../Github/MobileScroller/Content/character_walk_Sprite_6.uasset" 471
"../../../../../Github/MobileScroller/Content/character_walk_Sprite_7.uasset" 472
"../../../../../Github/MobileScroller/Content/character_walk_Sprite_8.uasset" 473
"../../../../../Github/MobileScroller/Content/character_walk_Sprite_9.uasset" 474
"../../../../../Github/MobileScroller/Content/character_walk1.uasset" 475
"../../../../../Github/MobileScroller/Content/2DSideScrollerBP/Blueprints/WalkingEnemy2D.uasset" 476
"../../../Engine/Content/EngineSky/C_Sky_Cloud_Color.uasset" 477
"../../../Engine/Content/EngineSky/C_Sky_Horizon_Color.uasset" 478
"../../../Engine/Content/EngineSky/C_Sky_Zenith_Color.uasset" 479
"../../../Engine/Content/EngineSky/T_Sky_Blue.uasset" 480
"../../../Engine/Content/EngineSky/T_Sky_Clouds_M.uasset" 481
"../../../Engine/Content/EngineSky/T_Sky_Stars.uasset" 482
"../../../Engine/Content/EngineSky/M_Sky_Panning_Clouds2.uasset" 483
"../../../Engine/Content/EngineSky/SM_SkySphere.uasset" 484
"../../../Engine/Content/EngineSky/BP_Sky_Sphere.uasset" 485
"../../../../../Github/MobileScroller/Content/2DSideScrollerBP/Blueprints/HUD/gameHUD.uasset" 486
"../../../../../Github/MobileScroller/Content/2DSideScrollerBP/Blueprints/2DSideScrollerGameMode.uasset" 487
"../../../../../Github/MobileScroller/Content/2DSideScrollerBP/content/bomb/BombExploding.uasset" 488
"../../../../../Github/MobileScroller/Content/2DSideScrollerBP/content/bomb/BombExploding_Sprite_10.uasset" 489
"../../../../../Github/MobileScroller/Content/2DSideScrollerBP/content/bomb/BombExploding_Sprite_11.uasset" 490
"../../../../../Github/MobileScroller/Content/2DSideScrollerBP/content/bomb/BombExploding_Sprite_12.uasset" 491
"../../../../../Github/MobileScroller/Content/2DSideScrollerBP/content/bomb/BombExploding_Sprite_7.uasset" 492
"../../../../../Github/MobileScroller/Content/2DSideScrollerBP/content/bomb/BombExploding_Sprite_8.uasset" 493
"../../../../../Github/MobileScroller/Content/2DSideScrollerBP/content/bomb/BombExploding_Sprite_9.uasset" 494
"../../../../../Github/MobileScroller/Content/2DSideScrollerBP/content/bomb/explosion_flipboo.uasset" 495
"../../../../../Github/MobileScroller/Content/2DSideScrollerBP/content/bomb/BombExploding_Sprite_0.uasset" 496
"../../../../../Github/MobileScroller/Content/2DSideScrollerBP/content/bomb/BombExploding_Sprite_1.uasset" 497
"../../../../../Github/MobileScroller/Content/2DSideScrollerBP/content/bomb/BombExploding_Sprite_2.uasset" 498
"../../../../../Github/MobileScroller/Content/2DSideScrollerBP/content/bomb/BombExploding_Sprite_3.uasset" 499
"../../../../../Github/MobileScroller/Content/2DSideScrollerBP/content/bomb/BombExploding_Sprite_4.uasset" 500
"../../../../../Github/MobileScroller/Content/2DSideScrollerBP/content/bomb/BombExploding_Sprite_5.uasset" 501
"../../../../../Github/MobileScroller/Content/2DSideScrollerBP/content/bomb/BombExploding_Sprite_6.uasset" 502
"../../../../../Github/MobileScroller/Content/2DSideScrollerBP/content/bomb/ignition_flipbook_faster.uasset" 503
"../../../../../Github/MobileScroller/Content/MobileStarterContent/Audio/Explosion02.uasset" 504
"../../../../../Github/MobileScroller/Content/MobileStarterContent/Audio/Fire_Sparks01.uasset" 505
"../../../../../Github/MobileScroller/Content/2DSideScrollerBP/Blueprints/Barrel_Bomb.uasset" 506
"../../../../../Github/MobileScroller/Content/2DSideScroller/Materials/CoinColor.uasset" 507
"../../../Engine/Content/BasicShapes/Cylinder.uasset" 508
"../../../../../Github/MobileScroller/Content/gotItem.uasset" 509
"../../../../../Github/MobileScroller/Content/2DSideScrollerBP/Blueprints/coin.uasset" 510
"../../../../../Github/MobileScroller/Content/2DSideScrollerBP/content/hearts/hearts.uasset" 511
"../../../../../Github/MobileScroller/Content/2DSideScrollerBP/content/hearts/hearts_Sprite_0.uasset" 512
"../../../../../Github/MobileScroller/Content/2DSideScrollerBP/content/hearts/hearts_Sprite_1.uasset" 513
"../../../../../Github/MobileScroller/Content/2DSideScrollerBP/content/hearts/hearts_Sprite_2.uasset" 514
"../../../../../Github/MobileScroller/Content/2DSideScrollerBP/content/hearts/hearts_Sprite_3.uasset" 515
"../../../../../Github/MobileScroller/Content/2DSideScrollerBP/content/hearts/hearts_Sprite_4.uasset" 516
"../../../../../Github/MobileScroller/Content/2DSideScrollerBP/content/hearts/hearts_Sprite_5.uasset" 517
"../../../../../Github/MobileScroller/Content/2DSideScrollerBP/content/hearts/ShiningHeart_flipbook.uasset" 518
"../../../../../Github/MobileScroller/Content/gotHeart.uasset" 519
"../../../../../Github/MobileScroller/Content/2DSideScrollerBP/Blueprints/heart_pickup.uasset" 520
"../../../../../Github/MobileScroller/Content/barrell.uasset" 521
"../../../../../Github/MobileScroller/Content/barrell_Sprite.uasset" 522
"../../../../../Github/MobileScroller/Content/2DSideScrollerBP/Blueprints/barrell_bp.uasset" 523
"../../../../../Github/MobileScroller/Content/2DSideScrollerBP/content/bomb/ignition_flipbook.uasset" 524
"../../../../../Github/MobileScroller/Content/2DSideScrollerBP/Blueprints/bomb.uasset" 525
"../../../../../Github/MobileScroller/Content/tile-ground-left.uasset" 526
"../../../../../Github/MobileScroller/Content/tile-ground-left_Sprite.uasset" 527
"../../../../../Github/MobileScroller/Content/tile-ground-right.uasset" 528
"../../../../../Github/MobileScroller/Content/tile-ground-right_Sprite.uasset" 529
"../../../../../Github/MobileScroller/Content/tile-ground.uasset" 530
"../../../../../Github/MobileScroller/Content/tile-ground_Sprite.uasset" 531
"../../../../../Github/MobileScroller/Content/2DSideScrollerBP/Blueprints/PlatformMoving.uasset" 532
"../../../../../Github/MobileScroller/Content/stone-paltform-right.uasset" 533
"../../../../../Github/MobileScroller/Content/stone-paltform-right_Sprite.uasset" 534
"../../../../../Github/MobileScroller/Content/stone-platform-left.uasset" 535
"../../../../../Github/MobileScroller/Content/stone-platform-left_Sprite.uasset" 536
"../../../../../Github/MobileScroller/Content/stone-platform-middle.uasset" 537
"../../../../../Github/MobileScroller/Content/stone-platform-middle_Sprite.uasset" 538
"../../../../../Github/MobileScroller/Content/2DSideScrollerBP/Blueprints/PlatformStill.uasset" 539
"../../../../../Github/MobileScroller/Content/2DSideScrollerBP/Maps/Level1_BuiltData.uasset" 540
"../../../../../Github/MobileScroller/Content/2DSideScrollerBP/content/hearts/hearts_Sprite_6.uasset" 541
"../../../../../Github/MobileScroller/Content/2DSideScrollerBP/content/sprites/Player/slash1.uasset" 542
"../../../../../Github/MobileScroller/Content/2DSideScrollerBP/content/sprites/Player/slash1_Sprite.uasset" 543
"../../../../../Github/MobileScroller/Content/2DSideScrollerBP/content/sprites/Player/slash2.uasset" 544
"../../../../../Github/MobileScroller/Content/2DSideScrollerBP/content/sprites/Player/slash2_Sprite.uasset" 545
"../../../../../Github/MobileScroller/Content/2DSideScrollerBP/content/sprites/Player/slash3.uasset" 546
"../../../../../Github/MobileScroller/Content/2DSideScrollerBP/content/sprites/Player/slash3_Sprite.uasset" 547
"../../../../../Github/MobileScroller/Content/2DSideScrollerBP/content/sprites/Player/slash4.uasset" 548
"../../../../../Github/MobileScroller/Content/2DSideScrollerBP/content/sprites/Player/slash4_Sprite.uasset" 549
"../../../../../Github/MobileScroller/Content/2DSideScrollerBP/content/sprites/Player/slash5.uasset" 550
"../../../../../Github/MobileScroller/Content/2DSideScrollerBP/content/sprites/Player/slash5_Sprite1.uasset" 551
"../../../../../Github/MobileScroller/Content/2DSideScrollerBP/content/sprites/Player/slash6.uasset" 552
"../../../../../Github/MobileScroller/Content/2DSideScrollerBP/content/sprites/Player/slash6_Sprite.uasset" 553
"../../../../../Github/MobileScroller/Content/2DSideScrollerBP/content/sprites/Player/slash7.uasset" 554
"../../../../../Github/MobileScroller/Content/2DSideScrollerBP/content/sprites/Player/slash7_Sprite.uasset" 555
"../../../../../Github/MobileScroller/Content/2DSideScrollerBP/content/sprites/Player/slash.uasset" 556
"../../../../../Github/MobileScroller/Content/sword_sound.uasset" 557
"../../../../../Github/MobileScroller/Content/2DSideScrollerBP/Blueprints/HUD/HUDwidget.uasset" 558
"../../../../../Github/MobileScroller/Content/2DSideScrollerBP/content/background/sky_gradient_level2.uasset" 559
"../../../../../Github/MobileScroller/Content/2DSideScrollerBP/content/background/sky_gradient_level2_TileSet.uasset" 560
"../../../../../Github/MobileScroller/Content/2DSideScrollerBP/content/background/space1.uasset" 561
"../../../../../Github/MobileScroller/Content/2DSideScrollerBP/content/background/space1_TileSet.uasset" 562
"../../../../../Github/MobileScroller/Content/2DSideScrollerBP/content/background/space2.uasset" 563
"../../../../../Github/MobileScroller/Content/2DSideScrollerBP/content/background/space2_TileSet.uasset" 564
"../../../../../Github/MobileScroller/Content/2DSideScrollerBP/content/background/space4.uasset" 565
"../../../../../Github/MobileScroller/Content/2DSideScrollerBP/content/background/space4_TileSet.uasset" 566
"../../../../../Github/MobileScroller/Content/2DSideScrollerBP/content/background/stars.uasset" 567
"../../../../../Github/MobileScroller/Content/2DSideScrollerBP/content/background/stars_TileSet.uasset" 568
"../../../../../Github/MobileScroller/Content/2DSideScrollerBP/content/tile-art-batch-1Padded.uasset" 569
"../../../../../Github/MobileScroller/Content/2DSideScrollerBP/content/hyptosis_tile-art-batch-1_TileSet.uasset" 570
"../../../../../Github/MobileScroller/Content/2DSideScrollerBP/content/Level1_Tilemap.uasset" 571
"../../../../../Github/MobileScroller/Content/2DSideScrollerBP/content/Level1_Tilemap1.uasset" 572
"../../../../../Github/MobileScroller/Content/2DSideScrollerBP/Maps/Level1.umap" 573
"../../../Engine/Content/Maps/Entry.umap" 574
"../../../../../Github/MobileScroller/Content/Maps/EmptyMap_BuiltData.uasset" 575
"../../../../../Github/MobileScroller/Content/Buttons.uasset" 576
"../../../../../Github/MobileScroller/Content/Buttons_Sprite_10.uasset" 577
"../../../../../Github/MobileScroller/Content/Buttons_Sprite_11.uasset" 578
"../../../../../Github/MobileScroller/Content/2DSideScrollerBP/Blueprints/HUD/MainMenu.uasset" 579
"../../../../../Github/MobileScroller/Content/Maps/EmptyMap.umap" 580
